[0m10:52:04.532370 [debug] [MainThread]: Sending event: {'category': 'dbt', 'action': 'invocation', 'label': 'start', 'context': [<snowplow_tracker.self_describing_json.SelfDescribingJson object at 0x0000027E29E286E0>, <snowplow_tracker.self_describing_json.SelfDescribingJson object at 0x0000027E2C772AD0>, <snowplow_tracker.self_describing_json.SelfDescribingJson object at 0x0000027E2C772E90>]}


============================== 10:52:04.543917 | 9868e718-7072-4b45-8cb0-65ed0a6afb2c ==============================
[0m10:52:04.543917 [info ] [MainThread]: Running with dbt=1.7.9
[0m10:52:04.545157 [debug] [MainThread]: running dbt with arguments {'printer_width': '80', 'indirect_selection': 'eager', 'write_json': 'True', 'log_cache_events': 'False', 'partial_parse': 'True', 'cache_selected_only': 'False', 'profiles_dir': 'C:\\Users\\NicoM\\.dbt', 'fail_fast': 'False', 'warn_error': 'None', 'log_path': 'logs', 'version_check': 'True', 'debug': 'False', 'use_colors': 'True', 'use_experimental_parser': 'False', 'no_print': 'None', 'quiet': 'False', 'warn_error_options': 'WarnErrorOptions(include=[], exclude=[])', 'introspect': 'True', 'static_parser': 'True', 'invocation_command': 'dbt init', 'target_path': 'None', 'log_format': 'default', 'send_anonymous_usage_stats': 'True'}
[0m10:52:04.545909 [warn ] [MainThread]: [ConfigFolderDirectory]: Unable to parse dict {'dir': WindowsPath('C:/Users/NicoM/.dbt')}
[0m10:52:04.546956 [info ] [MainThread]: Creating dbt configuration folder at 
[0m10:52:14.593965 [debug] [MainThread]: Starter project path: C:\Users\NicoM\Desktop\decouverte-vscode\ETL cours\my-dbt-venv\Lib\site-packages\dbt\include\starter_project
[0m10:52:14.628807 [info ] [MainThread]: 
Your new dbt project "introDBT" was created!

For more information on how to configure the profiles.yml file,
please consult the dbt documentation here:

  https://docs.getdbt.com/docs/configure-your-profile

One more thing:

Need help? Don't hesitate to reach out to us via GitHub issues or on Slack:

  https://community.getdbt.com/

Happy modeling!

[0m10:52:14.629920 [info ] [MainThread]: Setting up your profile.
[0m10:52:59.483664 [info ] [MainThread]: Profile introDBT written to C:\Users\NicoM\.dbt\profiles.yml using target's sample configuration. Once updated, you'll be able to start developing with dbt.
[0m10:52:59.485156 [debug] [MainThread]: Command `dbt init` succeeded at 10:52:59.484964 after 55.12 seconds
[0m10:52:59.485624 [debug] [MainThread]: Sending event: {'category': 'dbt', 'action': 'invocation', 'label': 'end', 'context': [<snowplow_tracker.self_describing_json.SelfDescribingJson object at 0x0000027E25E3E8B0>, <snowplow_tracker.self_describing_json.SelfDescribingJson object at 0x0000027E2C8EF650>, <snowplow_tracker.self_describing_json.SelfDescribingJson object at 0x0000027E2C8FA470>]}
[0m10:52:59.486090 [debug] [MainThread]: Flushing usage events
